LOG:  database system was shut down at 2021-04-27 22:36:09 UTC
LOG:  database system is ready to accept connections
LOG:  autovacuum launcher started
LOG:  received fast shutdown request
LOG:  aborting any active transactions
LOG:  autovacuum launcher shutting down
LOG:  shutting down
LOG:  database system is shut down
LOG:  database system was shut down at 2021-04-27 22:48:05 UTC
LOG:  database system is ready to accept connections
LOG:  autovacuum launcher started
LOG:  received fast shutdown request
LOG:  aborting any active transactions
LOG:  autovacuum launcher shutting down
LOG:  shutting down
LOG:  database system is shut down
LOG:  database system was shut down at 2021-04-27 22:52:57 UTC
LOG:  database system is ready to accept connections
LOG:  autovacuum launcher started
FATAL:  database "dreamteam_db" does not exist
